[1125/171433.484:ERROR:directory_reader_win.cc(43)] FindFirstFile: El sistema no puede encontrar la ruta especificada. (0x3)
[1130/170011.761:ERROR:directory_reader_win.cc(43)] FindFirstFile: El sistema no puede encontrar la ruta especificada. (0x3)
[1130/181552.161:ERROR:directory_reader_win.cc(43)] FindFirstFile: El sistema no puede encontrar la ruta especificada. (0x3)
[1130/184921.671:ERROR:directory_reader_win.cc(43)] FindFirstFile: El sistema no puede encontrar la ruta especificada. (0x3)
[1201/103853.272:ERROR:directory_reader_win.cc(43)] FindFirstFile: El sistema no puede encontrar la ruta especificada. (0x3)
[1201/190847.886:ERROR:directory_reader_win.cc(43)] FindFirstFile: El sistema no puede encontrar la ruta especificada. (0x3)
[1204/165646.737:ERROR:directory_reader_win.cc(43)] FindFirstFile: El sistema no puede encontrar la ruta especificada. (0x3)
[1204/174438.384:ERROR:filesystem_win.cc(129)] GetFileAttributes C:\Users\ahues\AppData\Local\Temp\karma-6503113\Crashpad\attachments\89463059-9648-46c8-abe7-4f484a52614a: El sistema no puede encontrar la ruta especificada. (0x3)
[1204/174438.565:ERROR:process_memory_win.cc(73)] ReadMemory at 0x7ff6b5350000 of 64 bytes failed: Solo se completó una parte de una solicitud ReadProcessMemory o WriteProcessMemory. (0x12B)
[1204/174438.565:WARNING:pe_image_reader.cc(340)] could not read dos header from C:\Program Files (x86)\Google\Chrome\Application\chrome.exe
[1204/174438.566:ERROR:process_memory_win.cc(73)] ReadMemory at 0x7ffb56020000 of 64 bytes failed: Solo se completó una parte de una solicitud ReadProcessMemory o WriteProcessMemory. (0x12B)
[1204/174438.566:WARNING:pe_image_reader.cc(340)] could not read dos header from C:\Program Files (x86)\Google\Chrome\Application\87.0.4280.88\chrome_elf.dll
[1204/174438.566:ERROR:process_memory_win.cc(73)] ReadMemory at 0x7ffb88300000 of 64 bytes failed: Solo se completó una parte de una solicitud ReadProcessMemory o WriteProcessMemory. (0x12B)
[1204/174438.566:WARNING:pe_image_reader.cc(340)] could not read dos header from C:\WINDOWS\SYSTEM32\VERSION.dll
[1204/174438.566:ERROR:process_memory_win.cc(73)] ReadMemory at 0x7ffb90a70000 of 64 bytes failed: Solo se completó una parte de una solicitud ReadProcessMemory o WriteProcessMemory. (0x12B)
[1204/174438.566:WARNING:pe_image_reader.cc(340)] could not read dos header from C:\WINDOWS\System32\ADVAPI32.dll
[1204/174438.566:ERROR:process_memory_win.cc(73)] ReadMemory at 0x7ffb91330000 of 64 bytes failed: Solo se completó una parte de una solicitud ReadProcessMemory o WriteProcessMemory. (0x12B)
[1204/174438.566:WARNING:pe_image_reader.cc(340)] could not read dos header from C:\WINDOWS\System32\sechost.dll
[1204/174438.566:ERROR:process_memory_win.cc(73)] ReadMemory at 0x7ffb92040000 of 64 bytes failed: Solo se completó una parte de una solicitud ReadProcessMemory o WriteProcessMemory. (0x12B)
[1204/174438.566:WARNING:pe_image_reader.cc(340)] could not read dos header from C:\WINDOWS\System32\RPCRT4.dll
[1204/174438.566:ERROR:process_memory_win.cc(73)] ReadMemory at 0x7ffb3bf30000 of 64 bytes failed: Solo se completó una parte de una solicitud ReadProcessMemory o WriteProcessMemory. (0x12B)
[1204/174438.566:WARNING:pe_image_reader.cc(340)] could not read dos header from C:\Program Files (x86)\Google\Chrome\Application\87.0.4280.88\chrome.dll
[1204/174438.566:ERROR:process_memory_win.cc(73)] ReadMemory at 0x7ffb913d0000 of 64 bytes failed: Solo se completó una parte de una solicitud ReadProcessMemory o WriteProcessMemory. (0x12B)
[1204/174438.566:WARNING:pe_image_reader.cc(340)] could not read dos header from C:\WINDOWS\System32\WS2_32.dll
[1204/174438.566:ERROR:process_memory_win.cc(73)] ReadMemory at 0x7ffb91200000 of 64 bytes failed: Solo se completó una parte de una solicitud ReadProcessMemory o WriteProcessMemory. (0x12B)
[1204/174438.566:WARNING:pe_image_reader.cc(340)] could not read dos header from C:\WINDOWS\System32\OLEAUT32.dll
[1204/174438.567:ERROR:process_memory_win.cc(73)] ReadMemory at 0x7ffb90370000 of 64 bytes failed: Solo se completó una parte de una solicitud ReadProcessMemory o WriteProcessMemory. (0x12B)
